[MEDIUM]  www.liontree.com(18) (/C=US/CN=E6/O=Let's Encrypt) Timestamp: 2025-05-15 09:48:59.940904
[MEDIUM]  www.forum.bsatroop6.com(4) (/C=US/CN=R10/O=Let's Encrypt) Timestamp: 2025-05-15 09:49:00.187735
[MEDIUM]  www.notexistsworkfiiles.ugo.moda(0) (/C=US/CN=R11/O=Let's Encrypt) Timestamp: 2025-05-15 09:49:00.573554
[LOW]  www.webconversation.com(0) (/C=AT/CN=ZeroSSL RSA Domain Secure Site CA/O=ZeroSSL) Timestamp: 2025-05-15 09:49:00.861296
[MEDIUM]  www.alinepsicologia.com(87) (/C=US/CN=WR1/O=Google Trust Services) Timestamp: 2025-05-15 09:49:01.109297
[MEDIUM]  www.desabalonggabussda.com(0) (/C=US/CN=R10/O=Let's Encrypt) Timestamp: 2025-05-15 09:49:01.353493
[MEDIUM]  www.kiteforum.pro(0) (/C=US/CN=R11/O=Let's Encrypt) Timestamp: 2025-05-15 09:49:01.603144
[MEDIUM]  www.notexistsstaging.fuselac.com(0) (/C=US/CN=R11/O=Let's Encrypt) Timestamp: 2025-05-15 09:49:02.010834
[MEDIUM]  www.thearmband.com(17) (/C=US/CN=R11/O=Let's Encrypt) Timestamp: 2025-05-15 09:49:02.240592
[MEDIUM]  www.girnardharshanjaindharamshala.org(0) (/C=US/CN=R11/O=Let's Encrypt) Timestamp: 2025-05-15 09:49:02.537113
[MEDIUM]  www.nerdynumbers.net(33) (/C=US/CN=R11/O=Let's Encrypt) Timestamp: 2025-05-15 09:49:02.753078
[MEDIUM]  www.catchadreamembroidery.com(0) (/C=US/CN=R11/O=Let's Encrypt) Timestamp: 2025-05-15 09:49:03.021661
[HIGH]  www.bhgd-online.com(51) (/C=US/CN=R11/O=Let's Encrypt) Timestamp: 2025-05-15 09:49:03.340185
[MEDIUM]  www.hilariouscoypufeet.com(0) (/C=US/CN=R10/O=Let's Encrypt) Timestamp: 2025-05-15 09:49:03.621839
[MEDIUM]  www.uglegorsk.nahodyator.ru(0) (/C=US/CN=E5/O=Let's Encrypt) Timestamp: 2025-05-15 09:49:04.183086
[MEDIUM]  www.agent-integration.krispykremeng.com(0) (/C=US/CN=R11/O=Let's Encrypt) Timestamp: 2025-05-15 09:49:04.441409
[MEDIUM]  www.violencesetmariagesforces.be.waelput.net(0) (/C=US/CN=R11/O=Let's Encrypt) Timestamp: 2025-05-15 09:49:04.822451
[MEDIUM]  www.ncgtravel.com(0) (/C=US/CN=R11/O=Let's Encrypt) Timestamp: 2025-05-15 09:49:05.212319
[MEDIUM]  www.theharbourprogramme.org(0) (/C=US/CN=R11/O=Let's Encrypt) Timestamp: 2025-05-15 09:49:05.638989
[MEDIUM]  www.hisgrace.tithelysetup.com(0) (/C=US/CN=R10/O=Let's Encrypt) Timestamp: 2025-05-15 09:49:05.904644
[HIGH]  www.yuzhnosahalinsk.russcvet.ru(100) (/C=US/CN=R10/O=Let's Encrypt) Timestamp: 2025-05-15 09:49:06.180735
[MEDIUM]  www.waffen-schoenlein.de(0) (/C=US/CN=E6/O=Let's Encrypt) Timestamp: 2025-05-15 09:49:06.801583
[MEDIUM]  www.lynn4ec.co.uk(19) (/C=US/CN=R11/O=Let's Encrypt) Timestamp: 2025-05-15 09:49:07.040353
[MEDIUM]  www.aclsystem.co.ke(0) (/C=US/CN=R10/O=Let's Encrypt) Timestamp: 2025-05-15 09:49:07.586164
[MEDIUM]  www.bijouxbycaro.be(0) (/C=US/CN=R11/O=Let's Encrypt) Timestamp: 2025-05-15 09:49:07.859246
[MEDIUM]  www.wisebot.com.br(0) (/C=US/CN=R11/O=Let's Encrypt) Timestamp: 2025-05-15 09:49:08.099449
[MEDIUM]  www.guyaclean.com(0) (/C=US/CN=R11/O=Let's Encrypt) Timestamp: 2025-05-15 09:49:08.606969
[MEDIUM]  www.connieadamsgunter.com(17) (/C=US/CN=R11/O=Let's Encrypt) Timestamp: 2025-05-15 09:49:08.839683
[MEDIUM]  www.bieportofino.nl(0) (/C=US/CN=R10/O=Let's Encrypt) Timestamp: 2025-05-15 09:49:09.215949
[LOW]  www.desmontadoraneumaticos.com(0) (/C=US/CN=Encryption Everywhere DV TLS CA - G2/O=DigiCert Inc) Timestamp: 2025-05-15 09:49:09.482483
[LOW]  www.aerie49wellness.center(27) (/C=US/CN=Go Daddy Secure Certificate Authority - G2/O=GoDaddy.com, Inc.) Timestamp: 2025-05-15 09:49:09.843050
[LOW]  www.theaspenformula.com(27) (/C=US/CN=Go Daddy Secure Certificate Authority - G2/O=GoDaddy.com, Inc.) Timestamp: 2025-05-15 09:49:10.097894
[LOW]  www.plymouthrockfuel.org(27) (/C=US/CN=Go Daddy Secure Certificate Authority - G2/O=GoDaddy.com, Inc.) Timestamp: 2025-05-15 09:49:10.342300
[LOW]  www.clifferson.com(36) (/C=US/CN=Encryption Everywhere DV TLS CA - G2/O=DigiCert Inc) Timestamp: 2025-05-15 09:49:10.584314
[LOW]  www.rts-financialservices.com(15) (/C=US/CN=Go Daddy Secure Certificate Authority - G2/O=GoDaddy.com, Inc.) Timestamp: 2025-05-15 09:49:10.849149
[LOW]  www.michaeltclark.com(28) (/C=US/CN=Go Daddy Secure Certificate Authority - G2/O=GoDaddy.com, Inc.) Timestamp: 2025-05-15 09:49:11.091539
